  Button.cpp
  main.cpp
  menu.cpp
C:\Users\arslaz\source\repos\vibe-chess\menu.cpp(57,35): warning C4244: аргумент: преобразование "int" в "T", возможна потеря данных
C:\Users\arslaz\source\repos\vibe-chess\menu.cpp(57,35): warning C4244:         with
C:\Users\arslaz\source\repos\vibe-chess\menu.cpp(57,35): warning C4244:         [
C:\Users\arslaz\source\repos\vibe-chess\menu.cpp(57,35): warning C4244:             T=float
C:\Users\arslaz\source\repos\vibe-chess\menu.cpp(57,35): warning C4244:         ]
  NewGame.cpp
C:\Users\arslaz\source\repos\vibe-chess\NewGame.cpp(23,45): warning C4244: аргумент: преобразование "T" в "T", возможна потеря данных
C:\Users\arslaz\source\repos\vibe-chess\NewGame.cpp(23,45): warning C4244:         with
C:\Users\arslaz\source\repos\vibe-chess\NewGame.cpp(23,45): warning C4244:         [
C:\Users\arslaz\source\repos\vibe-chess\NewGame.cpp(23,45): warning C4244:             T=unsigned int
C:\Users\arslaz\source\repos\vibe-chess\NewGame.cpp(23,45): warning C4244:         ]
C:\Users\arslaz\source\repos\vibe-chess\NewGame.cpp(23,45): warning C4244:         and
C:\Users\arslaz\source\repos\vibe-chess\NewGame.cpp(23,45): warning C4244:         [
C:\Users\arslaz\source\repos\vibe-chess\NewGame.cpp(23,45): warning C4244:             T=float
C:\Users\arslaz\source\repos\vibe-chess\NewGame.cpp(23,45): warning C4244:         ]
  settings.cpp
  Создание кода...
  vibe_chess.vcxproj -> C:\Users\arslaz\source\repos\vibe-chess\x64\Debug\vibe_chess.exe
